{
  "stats": {
    "suites": 1,
    "tests": 2,
    "passes": 1,
    "pending": 0,
    "failures": 1,
    "start": "2025-09-11T07:45:02.656Z",
    "end": "2025-09-11T08:02:46.250Z",
    "duration": 1063594,
    "testsRegistered": 4,
    "passPercent": 25,
    "pendingPercent": 0,
    "other": 0,
    "hasOther": false,
    "skipped": 0,
    "hasSkipped": false
  },
  "results": [
    {
      "uuid": "a3974dbe-4b8b-4f84-8288-825c11e58795",
      "title": "",
      "fullFile": "cypress\\e2e\\invoice\\allocateTimeOnInvoice.feature",
      "file": "cypress\\e2e\\invoice\\allocateTimeOnInvoice.feature",
      "beforeHooks": [],
      "afterHooks": [],
      "tests": [],
      "suites": [
        {
          "uuid": "36222053-34c6-4aae-8cb4-637c3b229f5c",
          "title": "APM Revamp Invoicing - Allocate Time on Invoice (AAEP-23181)",
          "fullFile": "",
          "file": "",
          "beforeHooks": [],
          "afterHooks": [],
          "tests": [
            {
              "title": "AC1 - Verify timesheet entries with outstanding WIP are included in Allocate Time tab with Staff-level granularity and calculation validations",
              "fullTitle": "APM Revamp Invoicing - Allocate Time on Invoice (AAEP-23181) AC1 - Verify timesheet entries with outstanding WIP are included in Allocate Time tab with Staff-level granularity and calculation validations",
              "timedOut": null,
              "duration": 100200,
              "state": "passed",
              "speed": "slow",
              "pass": true,
              "fail": false,
              "pending": false,
              "context": "[\n  {\n    \"title\": \"cypress-mochawesome-reporter-screenshots\",\n    \"value\": [\n      []\n    ]\n  },\n  \"Before Hook\",\n  \"Before Each Hook\",\n  \"After Each Hook\"\n]",
              "code": "",
              "err": {},
              "uuid": "4859adca-e495-48ee-a919-6d8e254caac7",
              "parentUUID": "36222053-34c6-4aae-8cb4-637c3b229f5c",
              "isHook": false,
              "skipped": false
            },
            {
              "title": "Verify the Invoice Allocations - Disbursements Integration (AAEP-23180)",
              "fullTitle": "APM Revamp Invoicing - Allocate Time on Invoice (AAEP-23181) Verify the Invoice Allocations - Disbursements Integration (AAEP-23180)",
              "timedOut": null,
              "duration": 955626,
              "state": "failed",
              "speed": null,
              "pass": false,
              "fail": true,
              "pending": false,
              "context": "[\n  {\n    \"title\": \"cypress-mochawesome-reporter-screenshots\",\n    \"value\": [\n      [\n        \"\\\\allocateTimeOnInvoice.feature\\\\APM Revamp Invoicing - Allocate Time on Invoice (AAEP-23181) -- Verify the Invoice Allocations - Disbursements Integration (AAEP-23180) (failed).png\"\n      ]\n    ]\n  },\n  \"Before Each Hook\",\n  \"After Each Hook\",\n  \"After Hook\"\n]",
              "code": "",
              "err": {
                "message": "AssertionError: Timed out retrying after 50000ms: expected '13190.00' to equal '5445.00'",
                "estack": "AssertionError: Timed out retrying after 50000ms: expected '13190.00' to equal '5445.00'\n    at Context.eval (webpack://apm.ui.automatedtests/./cypress/support/step_definitions/invoice.js:1276:0)\n    at Registry.runStepDefininition (webpack://apm.ui.automatedtests/./node_modules/@badeball/cypress-cucumber-preprocessor/dist/registry.js:164:0)\n    at Object.fn (webpack://apm.ui.automatedtests/./node_modules/@badeball/cypress-cucumber-preprocessor/dist/browser-runtime.js:497:0)\n    at runStepWithLogGroup (webpack://apm.ui.automatedtests/./node_modules/@badeball/cypress-cucumber-preprocessor/dist/helpers/cypress.js:51:0)\n    at Context.eval (webpack://apm.ui.automatedtests/./node_modules/@badeball/cypress-cucumber-preprocessor/dist/browser-runtime.js:493:0)",
                "diff": "- '13190.00'\n+ '5445.00'\n"
              },
              "uuid": "89f6f190-7dc5-4a5d-82fd-7ec4a9b39b31",
              "parentUUID": "36222053-34c6-4aae-8cb4-637c3b229f5c",
              "isHook": false,
              "skipped": false
            }
          ],
          "suites": [],
          "passes": [
            "4859adca-e495-48ee-a919-6d8e254caac7"
          ],
          "failures": [
            "89f6f190-7dc5-4a5d-82fd-7ec4a9b39b31"
          ],
          "pending": [],
          "skipped": [],
          "duration": 1055826,
          "root": false,
          "rootEmpty": false,
          "_timeout": 2000
        }
      ],
      "passes": [],
      "failures": [],
      "pending": [],
      "skipped": [],
      "duration": 0,
      "root": true,
      "rootEmpty": true,
      "_timeout": 2000
    }
  ],
  "meta": {
    "mocha": {
      "version": "7.0.1"
    },
    "mochawesome": {
      "options": {
        "quiet": false,
        "reportFilename": "mochawesome",
        "saveHtml": true,
        "saveJson": true,
        "consoleReporter": "spec",
        "useInlineDiffs": false,
        "code": false
      },
      "version": "7.1.3"
    },
    "marge": {
      "options": {
        "id": "default",
        "reportDir": "cypress/reports/results",
        "overwrite": false,
        "html": true,
        "json": true,
        "embeddedScreenshots": true,
        "code": false,
        "charts": true,
        "inlineAssets": true
      },
      "version": "6.2.0"
    }
  }
}