{
  "stats": {
    "suites": 1,
    "tests": 1,
    "passes": 1,
    "pending": 0,
    "failures": 0,
    "start": "2025-08-24T22:09:42.665Z",
    "end": "2025-08-24T22:36:28.051Z",
    "duration": 1605386,
    "testsRegistered": 2,
    "passPercent": 50,
    "pendingPercent": 0,
    "other": 0,
    "hasOther": false,
    "skipped": 0,
    "hasSkipped": false
  },
  "results": [
    {
      "uuid": "2f88e3ba-56f8-4689-9798-d64c8ab2686e",
      "title": "",
      "fullFile": "cypress\\e2e\\invoice\\allocateTimeOnInvoice (2).feature",
      "file": "cypress\\e2e\\invoice\\allocateTimeOnInvoice (2).feature",
      "beforeHooks": [],
      "afterHooks": [],
      "tests": [],
      "suites": [
        {
          "uuid": "b64ac8d8-df9d-4d29-aeb9-c46ce1a7e306",
          "title": "APM Revamp Invoicing - Allocate Time on Invoice (AAEP-23181)",
          "fullFile": "",
          "file": "",
          "beforeHooks": [],
          "afterHooks": [],
          "tests": [
            {
              "title": "Verify the Invoice Allocations - Disbursements Integration (AAEP-23180)",
              "fullTitle": "APM Revamp Invoicing - Allocate Time on Invoice (AAEP-23181) Verify the Invoice Allocations - Disbursements Integration (AAEP-23180)",
              "timedOut": null,
              "duration": 1597468,
              "state": "passed",
              "speed": "slow",
              "pass": true,
              "fail": false,
              "pending": false,
              "context": "[\n  {\n    \"title\": \"cypress-mochawesome-reporter-screenshots\",\n    \"value\": [\n      []\n    ]\n  },\n  \"Before Hook\",\n  \"Before Each Hook\",\n  \"After Each Hook\",\n  \"After Hook\"\n]",
              "code": "",
              "err": {},
              "uuid": "92546d7d-1c99-4667-90f9-edd7f3a77df9",
              "parentUUID": "b64ac8d8-df9d-4d29-aeb9-c46ce1a7e306",
              "isHook": false,
              "skipped": false
            }
          ],
          "suites": [],
          "passes": [
            "92546d7d-1c99-4667-90f9-edd7f3a77df9"
          ],
          "failures": [],
          "pending": [],
          "skipped": [],
          "duration": 1597468,
          "root": false,
          "rootEmpty": false,
          "_timeout": 2000
        }
      ],
      "passes": [],
      "failures": [],
      "pending": [],
      "skipped": [],
      "duration": 0,
      "root": true,
      "rootEmpty": true,
      "_timeout": 2000
    }
  ],
  "meta": {
    "mocha": {
      "version": "7.0.1"
    },
    "mochawesome": {
      "options": {
        "quiet": false,
        "reportFilename": "mochawesome",
        "saveHtml": true,
        "saveJson": true,
        "consoleReporter": "spec",
        "useInlineDiffs": false,
        "code": false
      },
      "version": "7.1.3"
    },
    "marge": {
      "options": {
        "id": "default",
        "reportDir": "cypress/reports/results",
        "overwrite": false,
        "html": true,
        "json": true,
        "embeddedScreenshots": true,
        "code": false,
        "charts": true,
        "inlineAssets": true
      },
      "version": "6.2.0"
    }
  }
}