{
  "stats": {
    "suites": 1,
    "tests": 2,
    "passes": 2,
    "pending": 0,
    "failures": 0,
    "start": "2025-09-11T08:32:14.039Z",
    "end": "2025-09-11T09:04:28.400Z",
    "duration": 1934361,
    "testsRegistered": 4,
    "passPercent": 50,
    "pendingPercent": 0,
    "other": 0,
    "hasOther": false,
    "skipped": 0,
    "hasSkipped": false
  },
  "results": [
    {
      "uuid": "4a772ae4-e933-4666-bb57-ed167d0a6506",
      "title": "",
      "fullFile": "cypress\\e2e\\invoice\\allocateTimeOnInvoice.feature",
      "file": "cypress\\e2e\\invoice\\allocateTimeOnInvoice.feature",
      "beforeHooks": [],
      "afterHooks": [],
      "tests": [],
      "suites": [
        {
          "uuid": "524a6844-4ed8-424d-a4c1-a0ff0b359564",
          "title": "APM Revamp Invoicing - Allocate Time on Invoice (AAEP-23181)",
          "fullFile": "",
          "file": "",
          "beforeHooks": [],
          "afterHooks": [],
          "tests": [
            {
              "title": "AC1 - Verify timesheet entries with outstanding WIP are included in Allocate Time tab with Staff-level granularity and calculation validations",
              "fullTitle": "APM Revamp Invoicing - Allocate Time on Invoice (AAEP-23181) AC1 - Verify timesheet entries with outstanding WIP are included in Allocate Time tab with Staff-level granularity and calculation validations",
              "timedOut": null,
              "duration": 103105,
              "state": "passed",
              "speed": "slow",
              "pass": true,
              "fail": false,
              "pending": false,
              "context": "[\n  {\n    \"title\": \"cypress-mochawesome-reporter-screenshots\",\n    \"value\": [\n      []\n    ]\n  },\n  \"Before Hook\",\n  \"Before Each Hook\",\n  \"After Each Hook\"\n]",
              "code": "",
              "err": {},
              "uuid": "b4c0d9f7-dfb1-4cfe-b3d2-b4515791d37a",
              "parentUUID": "524a6844-4ed8-424d-a4c1-a0ff0b359564",
              "isHook": false,
              "skipped": false
            },
            {
              "title": "Verify the Invoice Allocations - Disbursements Integration (AAEP-23180)",
              "fullTitle": "APM Revamp Invoicing - Allocate Time on Invoice (AAEP-23181) Verify the Invoice Allocations - Disbursements Integration (AAEP-23180)",
              "timedOut": null,
              "duration": 1822182,
              "state": "passed",
              "speed": "slow",
              "pass": true,
              "fail": false,
              "pending": false,
              "context": "[\n  {\n    \"title\": \"cypress-mochawesome-reporter-screenshots\",\n    \"value\": [\n      []\n    ]\n  },\n  \"Before Each Hook\",\n  \"After Each Hook\",\n  \"After Hook\"\n]",
              "code": "",
              "err": {},
              "uuid": "f0777fc3-e604-41dc-92d7-d0adabf583c4",
              "parentUUID": "524a6844-4ed8-424d-a4c1-a0ff0b359564",
              "isHook": false,
              "skipped": false
            }
          ],
          "suites": [],
          "passes": [
            "b4c0d9f7-dfb1-4cfe-b3d2-b4515791d37a",
            "f0777fc3-e604-41dc-92d7-d0adabf583c4"
          ],
          "failures": [],
          "pending": [],
          "skipped": [],
          "duration": 1925287,
          "root": false,
          "rootEmpty": false,
          "_timeout": 2000
        }
      ],
      "passes": [],
      "failures": [],
      "pending": [],
      "skipped": [],
      "duration": 0,
      "root": true,
      "rootEmpty": true,
      "_timeout": 2000
    }
  ],
  "meta": {
    "mocha": {
      "version": "7.0.1"
    },
    "mochawesome": {
      "options": {
        "quiet": false,
        "reportFilename": "mochawesome",
        "saveHtml": true,
        "saveJson": true,
        "consoleReporter": "spec",
        "useInlineDiffs": false,
        "code": false
      },
      "version": "7.1.3"
    },
    "marge": {
      "options": {
        "id": "default",
        "reportDir": "cypress/reports/results",
        "overwrite": false,
        "html": true,
        "json": true,
        "embeddedScreenshots": true,
        "code": false,
        "charts": true,
        "inlineAssets": true
      },
      "version": "6.2.0"
    }
  }
}